<?xml version="1.0" encoding="UTF-8"?>
<!-- Generated by org.testng.reporters.JUnitXMLReporter -->
<testsuite hostname="MUNA-PC" ignored="0" name="Command line test" tests="4" failures="0" timestamp="10 Sep 2020 13:55:05 GMT" time="0.041" errors="0">
  <testcase name="addDuplicateThrowsException" time="0.008" classname="unit.FirstTestNGTest"/>
  <testcase name="getExistingUserReturnsExistingSavedUser" time="0.002" classname="unit.FirstTestNGTest"/>
  <testcase name="getNonExistingUserReturnsNull" time="0.0" classname="unit.FirstTestNGTest"/>
  <testcase name="successfulAddUserReturnsTrue" time="0.0" classname="unit.FirstTestNGTest"/>
</testsuite> <!-- Command line test -->
